<?xml version="1.0" encoding="UTF-8"?>
<!-- Generated by org.testng.reporters.JUnitReportReporter -->
<testsuite hostname="U-DD2X5T3" failures="0" tests="1" name="pack2.HandlingCookiesAndHeaders" time="5.488" errors="0" timestamp="2023-07-11T15:22:32 IST" skipped="0">
  <testcase classname="pack2.HandlingCookiesAndHeaders" name="logMethods" time="5.488"/>
</testsuite> <!-- pack2.HandlingCookiesAndHeaders -->
